Copyright 1986-2018 Xilinx, Inc. All Rights Reserved.
------------------------------------------------------------------------------------
| Tool Version : Vivado v.2018.3 (win64) Build 2405991 Thu Dec  6 23:38:27 MST 2018
| Date         : Sat Aug  1 10:09:58 2020
| Host         : DESKTOP-OS30GQN running 64-bit major release  (build 9200)
| Command      : upgrade_ip
| Device       : xc7z010clg400-1
------------------------------------------------------------------------------------

Upgrade Log for IP 'rgb2dvi_0'

1. Summary
----------

CAUTION (success, with warnings) in the upgrade of rgb2dvi_0 from digilentinc.com:ip:rgb2dvi:1.3 (Rev. 3) to digilentinc.com:ip:rgb2dvi:1.4 (Rev. 7)

After upgrade, an IP may have parameter and port differences compared to the original customization. Please review the parameters within the IP customization GUI to ensure proper functionality. Also, please review the updated IP instantiation template to ensure proper connectivity, and update your design if required.

2. Interface Information
------------------------

Detected external interface differences while upgrading 'rgb2dvi_0'.


-Upgrade has added interface 'TMDS_Clk_n' (xilinx.com:signal:clock:1.0)

-Upgrade has added interface 'TMDS_Clk_p' (xilinx.com:signal:clock:1.0)


3. Connection Warnings
----------------------

Detected external port differences while upgrading 'rgb2dvi_0'. These changes may impact your design.


-Upgrade has removed port 'oen'


4. Customization warnings
-------------------------

An attempt to modify the value of disabled parameter 'kClkPrimitive' from 'PLL' to 'MMCM' has been ignored for IP 'rgb2dvi_0'


5. Debug Commands
-----------------

  The following debug information can be passed to Vivado as Tcl commands,
in order to validate or debug the output of the upgrade flow.
  You may consult any warnings from within this upgrade, and alter or remove
the configuration parameter(s) which caused the warning; then execute the Tcl
commands, and use the IP Customization GUI to verify the IP configuration.

create_ip -vlnv digilentinc.com:ip:rgb2dvi:1.4 -user_name rgb2dvi_0
set_property -dict "\
  CONFIG.AsyncRst.POLARITY {ACTIVE_HIGH} \
  CONFIG.AsyncRst_n.POLARITY {ACTIVE_LOW} \
  CONFIG.Component_Name {rgb2dvi_0} \
  CONFIG.PixelClk.ASSOCIATED_BUSIF {} \
  CONFIG.PixelClk.ASSOCIATED_RESET {} \
  CONFIG.PixelClk.CLK_DOMAIN {} \
  CONFIG.PixelClk.FREQ_HZ {100000000} \
  CONFIG.PixelClk.PHASE {0.000} \
  CONFIG.SerialClk.ASSOCIATED_BUSIF {} \
  CONFIG.SerialClk.ASSOCIATED_RESET {aRst:aRst_n:pRst:pRst_n} \
  CONFIG.SerialClk.CLK_DOMAIN {} \
  CONFIG.SerialClk.FREQ_HZ {100000000} \
  CONFIG.SerialClk.PHASE {0.000} \
  CONFIG.kClkPrimitive {MMCM} \
  CONFIG.kClkRange {1} \
  CONFIG.kGenerateSerialClk {false} \
  CONFIG.kRstActiveHigh {false} " [get_ips rgb2dvi_0]


