#-----------------------------------------------------------
# Vivado v2018.3 (64-bit)
# SW Build 2405991 on Thu Dec  6 23:38:27 MST 2018
# IP Build 2404404 on Fri Dec  7 01:43:56 MST 2018
# Start of session at: Sat Aug  1 02:53:29 2020
# Process ID: 9900
# Current directory: C:/Users/fan/Desktop/summer_school/wave
# Command line: vivado.exe -gui_launcher_event rodinguilauncherevent6696 C:\Users\fan\Desktop\summer_school\wave\wave.xpr
# Log file: C:/Users/fan/Desktop/summer_school/wave/vivado.log
# Journal file: C:/Users/fan/Desktop/summer_school/wave\vivado.jou
#-----------------------------------------------------------
start_gui
open_project C:/Users/fan/Desktop/summer_school/wave/wave.xpr
INFO: [Project 1-313] Project file moved from 'C:/Users/Dj/Desktop/A/wave' since last save.
Scanning sources...
Finished scanning sources
INFO: [IP_Flow 19-234] Refreshing IP repositories
INFO: [IP_Flow 19-1704] No user IP repositories specified
INFO: [IP_Flow 19-2313] Loaded Vivado IP repository 'D:/Xilinx/Vivado/2018.3/data/ip'.
open_project: Time (s): cpu = 00:00:19 ; elapsed = 00:00:18 . Memory (MB): peak = 773.309 ; gain = 199.559
update_compile_order -fileset sources_1
reset_run synth_1
reset_run Square_synth_1
reset_run Triangle_synth_1
reset_run Sin_synth_1
reset_run sawtooth_synth_1
launch_runs impl_1 -to_step write_bitstream -jobs 4
INFO: [IP_Flow 19-1686] Generating 'Synthesis' target for IP 'Square'...
INFO: [IP_Flow 19-1686] Generating 'Synthesis' target for IP 'Triangle'...
INFO: [IP_Flow 19-1686] Generating 'Synthesis' target for IP 'Sin'...
INFO: [IP_Flow 19-1686] Generating 'Synthesis' target for IP 'sawtooth'...
[Sat Aug  1 02:58:21 2020] Launched Square_synth_1, Triangle_synth_1, Sin_synth_1, sawtooth_synth_1, synth_1...
Run output will be captured here:
Square_synth_1: C:/Users/fan/Desktop/summer_school/wave/wave.runs/Square_synth_1/runme.log
Triangle_synth_1: C:/Users/fan/Desktop/summer_school/wave/wave.runs/Triangle_synth_1/runme.log
Sin_synth_1: C:/Users/fan/Desktop/summer_school/wave/wave.runs/Sin_synth_1/runme.log
sawtooth_synth_1: C:/Users/fan/Desktop/summer_school/wave/wave.runs/sawtooth_synth_1/runme.log
synth_1: C:/Users/fan/Desktop/summer_school/wave/wave.runs/synth_1/runme.log
[Sat Aug  1 02:58:22 2020] Launched impl_1...
Run output will be captured here: C:/Users/fan/Desktop/summer_school/wave/wave.runs/impl_1/runme.log
launch_runs: Time (s): cpu = 00:00:17 ; elapsed = 00:00:18 . Memory (MB): peak = 985.371 ; gain = 0.000
open_hw
connect_hw_server
INFO: [Labtools 27-2285] Connecting to hw_server url TCP:localhost:3121
INFO: [Labtools 27-2222] Launching hw_server...
INFO: [Labtools 27-2221] Launch Output:

****** Xilinx hw_server v2018.3
  **** Build date : Dec  7 2018-00:40:27
    ** Copyright 1986-2018 Xilinx, Inc. All Rights Reserved.


connect_hw_server: Time (s): cpu = 00:00:01 ; elapsed = 00:00:06 . Memory (MB): peak = 985.371 ; gain = 0.000
open_hw_target
INFO: [Labtoolstcl 44-466] Opening hw_target localhost:3121/xilinx_tcf/Digilent/210279573128A
open_hw_target: Time (s): cpu = 00:00:03 ; elapsed = 00:00:08 . Memory (MB): peak = 1782.680 ; gain = 797.309
set_property PROGRAM.FILE {C:/Users/fan/Desktop/summer_school/wave/wave.runs/impl_1/DDS.bit} [get_hw_devices xc7z010_1]
current_hw_device [get_hw_devices xc7z010_1]
refresh_hw_device -update_hw_probes false [lindex [get_hw_devices xc7z010_1] 0]
INFO: [Labtools 27-1435] Device xc7z010 (JTAG device index = 1) is not programmed (DONE status = 0).
set_property PROBES.FILE {} [get_hw_devices xc7z010_1]
set_property FULL_PROBES.FILE {} [get_hw_devices xc7z010_1]
set_property PROGRAM.FILE {C:/Users/fan/Desktop/summer_school/wave/wave.runs/impl_1/DDS.bit} [get_hw_devices xc7z010_1]
program_hw_devices [get_hw_devices xc7z010_1]
INFO: [Labtools 27-3164] End of startup status: HIGH
refresh_hw_device [lindex [get_hw_devices xc7z010_1] 0]
INFO: [Labtools 27-1434] Device xc7z010 (JTAG device index = 1) is programmed with a design that has no supported debug core(s) in it.
reset_run synth_1
WARNING: [Vivado 12-1017] Problems encountered:
1. Failed to delete one or more files in run directory C:/Users/fan/Desktop/summer_school/wave/wave.runs/synth_1

launch_runs impl_1 -to_step write_bitstream -jobs 4
[Sat Aug  1 03:12:21 2020] Launched synth_1...
Run output will be captured here: C:/Users/fan/Desktop/summer_school/wave/wave.runs/synth_1/runme.log
[Sat Aug  1 03:12:21 2020] Launched impl_1...
Run output will be captured here: C:/Users/fan/Desktop/summer_school/wave/wave.runs/impl_1/runme.log
set_property PROBES.FILE {} [get_hw_devices xc7z010_1]
set_property FULL_PROBES.FILE {} [get_hw_devices xc7z010_1]
set_property PROGRAM.FILE {C:/Users/fan/Desktop/summer_school/wave/wave.runs/impl_1/DDS.bit} [get_hw_devices xc7z010_1]
program_hw_devices [get_hw_devices xc7z010_1]
INFO: [Labtools 27-3164] End of startup status: HIGH
refresh_hw_device [lindex [get_hw_devices xc7z010_1] 0]
INFO: [Labtools 27-1434] Device xc7z010 (JTAG device index = 1) is programmed with a design that has no supported debug core(s) in it.
reset_run synth_1
WARNING: [Vivado 12-1017] Problems encountered:
1. Failed to delete one or more files in run directory C:/Users/fan/Desktop/summer_school/wave/wave.runs/synth_1

launch_runs impl_1 -to_step write_bitstream -jobs 4
[Sat Aug  1 03:20:33 2020] Launched synth_1...
Run output will be captured here: C:/Users/fan/Desktop/summer_school/wave/wave.runs/synth_1/runme.log
[Sat Aug  1 03:20:33 2020] Launched impl_1...
Run output will be captured here: C:/Users/fan/Desktop/summer_school/wave/wave.runs/impl_1/runme.log
set_property PROBES.FILE {} [get_hw_devices xc7z010_1]
set_property FULL_PROBES.FILE {} [get_hw_devices xc7z010_1]
set_property PROGRAM.FILE {C:/Users/fan/Desktop/summer_school/wave/wave.runs/impl_1/DDS.bit} [get_hw_devices xc7z010_1]
program_hw_devices [get_hw_devices xc7z010_1]
INFO: [Labtools 27-3164] End of startup status: HIGH
refresh_hw_device [lindex [get_hw_devices xc7z010_1] 0]
INFO: [Labtools 27-1434] Device xc7z010 (JTAG device index = 1) is programmed with a design that has no supported debug core(s) in it.
set_property PROBES.FILE {} [get_hw_devices xc7z010_1]
set_property FULL_PROBES.FILE {} [get_hw_devices xc7z010_1]
set_property PROGRAM.FILE {C:/Users/fan/Desktop/summer_school/wave/wave.runs/impl_1/DDS.bit} [get_hw_devices xc7z010_1]
program_hw_devices [get_hw_devices xc7z010_1]
INFO: [Labtools 27-3164] End of startup status: HIGH
refresh_hw_device [lindex [get_hw_devices xc7z010_1] 0]
INFO: [Labtools 27-1434] Device xc7z010 (JTAG device index = 1) is programmed with a design that has no supported debug core(s) in it.
close_hw
INFO: [Device 21-403] Loading part xc7z010clg400-1
WARNING: [IP_Flow 19-4067] Ignoring invalid widget type specified checkbox.Providing a default widget
WARNING: [IP_Flow 19-4067] Ignoring invalid widget type specified checkbox.Providing a default widget
create_ip -name clk_wiz -vendor xilinx.com -library ip -version 6.0 -module_name clk_wiz_0 -dir c:/Users/fan/Desktop/summer_school/wave/wave.srcs/sources_1/ip
set_property -dict [list CONFIG.PRIM_IN_FREQ {125.000} CONFIG.CLKOUT1_REQUESTED_OUT_FREQ {5.000} CONFIG.CLKIN1_JITTER_PS {80.0} CONFIG.MMCM_DIVCLK_DIVIDE {5} CONFIG.MMCM_CLKFBOUT_MULT_F {25.500} CONFIG.MMCM_CLKIN1_PERIOD {8.000} CONFIG.MMCM_CLKIN2_PERIOD {10.0} CONFIG.MMCM_CLKOUT0_DIVIDE_F {127.500} CONFIG.CLKOUT1_JITTER {529.616} CONFIG.CLKOUT1_PHASE_ERROR {319.966}] [get_ips clk_wiz_0]
generate_target {instantiation_template} [get_files c:/Users/fan/Desktop/summer_school/wave/wave.srcs/sources_1/ip/clk_wiz_0/clk_wiz_0.xci]
INFO: [IP_Flow 19-1686] Generating 'Instantiation Template' target for IP 'clk_wiz_0'...
generate_target all [get_files  c:/Users/fan/Desktop/summer_school/wave/wave.srcs/sources_1/ip/clk_wiz_0/clk_wiz_0.xci]
INFO: [IP_Flow 19-1686] Generating 'Synthesis' target for IP 'clk_wiz_0'...
INFO: [IP_Flow 19-1686] Generating 'Simulation' target for IP 'clk_wiz_0'...
INFO: [IP_Flow 19-1686] Generating 'Implementation' target for IP 'clk_wiz_0'...
INFO: [IP_Flow 19-1686] Generating 'Change Log' target for IP 'clk_wiz_0'...
catch { config_ip_cache -export [get_ips -all clk_wiz_0] }
export_ip_user_files -of_objects [get_files c:/Users/fan/Desktop/summer_school/wave/wave.srcs/sources_1/ip/clk_wiz_0/clk_wiz_0.xci] -no_script -sync -force -quiet
create_ip_run [get_files -of_objects [get_fileset sources_1] c:/Users/fan/Desktop/summer_school/wave/wave.srcs/sources_1/ip/clk_wiz_0/clk_wiz_0.xci]
launch_runs -jobs 4 clk_wiz_0_synth_1
[Sat Aug  1 04:03:17 2020] Launched clk_wiz_0_synth_1...
Run output will be captured here: C:/Users/fan/Desktop/summer_school/wave/wave.runs/clk_wiz_0_synth_1/runme.log
export_simulation -of_objects [get_files c:/Users/fan/Desktop/summer_school/wave/wave.srcs/sources_1/ip/clk_wiz_0/clk_wiz_0.xci] -directory C:/Users/fan/Desktop/summer_school/wave/wave.ip_user_files/sim_scripts -ip_user_files_dir C:/Users/fan/Desktop/summer_school/wave/wave.ip_user_files -ipstatic_source_dir C:/Users/fan/Desktop/summer_school/wave/wave.ip_user_files/ipstatic -lib_map_path [list {modelsim=C:/Users/fan/Desktop/summer_school/wave/wave.cache/compile_simlib/modelsim} {questa=C:/Users/fan/Desktop/summer_school/wave/wave.cache/compile_simlib/questa} {riviera=C:/Users/fan/Desktop/summer_school/wave/wave.cache/compile_simlib/riviera} {activehdl=C:/Users/fan/Desktop/summer_school/wave/wave.cache/compile_simlib/activehdl}] -use_ip_compiled_libs -force -quiet
reset_run synth_1
WARNING: [Vivado 12-1017] Problems encountered:
1. Failed to delete one or more files in run directory C:/Users/fan/Desktop/summer_school/wave/wave.runs/synth_1

launch_runs impl_1 -to_step write_bitstream -jobs 4
[Sat Aug  1 04:04:59 2020] Launched synth_1...
Run output will be captured here: C:/Users/fan/Desktop/summer_school/wave/wave.runs/synth_1/runme.log
[Sat Aug  1 04:04:59 2020] Launched impl_1...
Run output will be captured here: C:/Users/fan/Desktop/summer_school/wave/wave.runs/impl_1/runme.log
add_files -norecurse C:/Users/fan/Desktop/summer_school/wave/wave.srcs/sources_1/new/smg.v
update_compile_order -fileset sources_1
reset_run synth_1
WARNING: [Vivado 12-1017] Problems encountered:
1. Failed to delete one or more files in run directory C:/Users/fan/Desktop/summer_school/wave/wave.runs/synth_1

launch_runs impl_1 -to_step write_bitstream -jobs 4
[Sat Aug  1 04:06:32 2020] Launched synth_1...
Run output will be captured here: C:/Users/fan/Desktop/summer_school/wave/wave.runs/synth_1/runme.log
[Sat Aug  1 04:06:32 2020] Launched impl_1...
Run output will be captured here: C:/Users/fan/Desktop/summer_school/wave/wave.runs/impl_1/runme.log
reset_run synth_1
WARNING: [Vivado 12-1017] Problems encountered:
1. Failed to delete one or more files in run directory C:/Users/fan/Desktop/summer_school/wave/wave.runs/synth_1

launch_runs impl_1 -to_step write_bitstream -jobs 4
[Sat Aug  1 04:09:40 2020] Launched synth_1...
Run output will be captured here: C:/Users/fan/Desktop/summer_school/wave/wave.runs/synth_1/runme.log
[Sat Aug  1 04:09:40 2020] Launched impl_1...
Run output will be captured here: C:/Users/fan/Desktop/summer_school/wave/wave.runs/impl_1/runme.log
reset_run synth_1
WARNING: [Vivado 12-1017] Problems encountered:
1. Failed to delete one or more files in run directory C:/Users/fan/Desktop/summer_school/wave/wave.runs/synth_1

launch_runs impl_1 -to_step write_bitstream -jobs 4
[Sat Aug  1 04:13:28 2020] Launched synth_1...
Run output will be captured here: C:/Users/fan/Desktop/summer_school/wave/wave.runs/synth_1/runme.log
[Sat Aug  1 04:13:28 2020] Launched impl_1...
Run output will be captured here: C:/Users/fan/Desktop/summer_school/wave/wave.runs/impl_1/runme.log
open_hw
connect_hw_server
INFO: [Labtools 27-2285] Connecting to hw_server url TCP:localhost:3121
INFO: [Labtools 27-2222] Launching hw_server...
INFO: [Labtools 27-2221] Launch Output:

****** Xilinx hw_server v2018.3
  **** Build date : Dec  7 2018-00:40:27
    ** Copyright 1986-2018 Xilinx, Inc. All Rights Reserved.


connect_hw_server: Time (s): cpu = 00:00:00 ; elapsed = 00:00:06 . Memory (MB): peak = 3095.242 ; gain = 0.000
open_hw_target
INFO: [Labtoolstcl 44-466] Opening hw_target localhost:3121/xilinx_tcf/Digilent/210279573128A
set_property PROGRAM.FILE {C:/Users/fan/Desktop/summer_school/wave/wave.runs/impl_1/DDS.bit} [get_hw_devices xc7z010_1]
current_hw_device [get_hw_devices xc7z010_1]
refresh_hw_device -update_hw_probes false [lindex [get_hw_devices xc7z010_1] 0]
INFO: [Labtools 27-1434] Device xc7z010 (JTAG device index = 1) is programmed with a design that has no supported debug core(s) in it.
set_property PROBES.FILE {} [get_hw_devices xc7z010_1]
set_property FULL_PROBES.FILE {} [get_hw_devices xc7z010_1]
set_property PROGRAM.FILE {C:/Users/fan/Desktop/summer_school/wave/wave.runs/impl_1/DDS.bit} [get_hw_devices xc7z010_1]
program_hw_devices [get_hw_devices xc7z010_1]
INFO: [Labtools 27-3164] End of startup status: HIGH
refresh_hw_device [lindex [get_hw_devices xc7z010_1] 0]
INFO: [Labtools 27-1434] Device xc7z010 (JTAG device index = 1) is programmed with a design that has no supported debug core(s) in it.
reset_run synth_1
WARNING: [Vivado 12-1017] Problems encountered:
1. Failed to delete one or more files in run directory C:/Users/fan/Desktop/summer_school/wave/wave.runs/synth_1

launch_runs impl_1 -to_step write_bitstream -jobs 4
[Sat Aug  1 04:20:36 2020] Launched synth_1...
Run output will be captured here: C:/Users/fan/Desktop/summer_school/wave/wave.runs/synth_1/runme.log
[Sat Aug  1 04:20:36 2020] Launched impl_1...
Run output will be captured here: C:/Users/fan/Desktop/summer_school/wave/wave.runs/impl_1/runme.log
set_property PROBES.FILE {} [get_hw_devices xc7z010_1]
set_property FULL_PROBES.FILE {} [get_hw_devices xc7z010_1]
set_property PROGRAM.FILE {C:/Users/fan/Desktop/summer_school/wave/wave.runs/impl_1/DDS.bit} [get_hw_devices xc7z010_1]
program_hw_devices [get_hw_devices xc7z010_1]
INFO: [Labtools 27-3164] End of startup status: HIGH
refresh_hw_device [lindex [get_hw_devices xc7z010_1] 0]
INFO: [Labtools 27-1434] Device xc7z010 (JTAG device index = 1) is programmed with a design that has no supported debug core(s) in it.
ERROR: [Labtoolstcl 44-513] HW Target shutdown. Closing target: localhost:3121/xilinx_tcf/Digilent/210279573128A
close_hw
add_files -norecurse {C:/Users/fan/Desktop/summer_school/wave/wave.srcs/sources_1/new/vga_display.v C:/Users/fan/Desktop/summer_school/wave/wave.srcs/sources_1/new/vga_driver.v}
update_compile_order -fileset sources_1
set_property -dict [list CONFIG.CLKOUT2_USED {true} CONFIG.CLKOUT2_REQUESTED_OUT_FREQ {25.000} CONFIG.MMCM_DIVCLK_DIVIDE {1} CONFIG.MMCM_CLKFBOUT_MULT_F {5.000} CONFIG.MMCM_CLKOUT0_DIVIDE_F {125.000} CONFIG.MMCM_CLKOUT1_DIVIDE {25} CONFIG.NUM_OUT_CLKS {2} CONFIG.CLKOUT1_JITTER {249.501} CONFIG.CLKOUT1_PHASE_ERROR {122.096} CONFIG.CLKOUT2_JITTER {181.315} CONFIG.CLKOUT2_PHASE_ERROR {122.096}] [get_ips clk_wiz_0]
generate_target all [get_files  c:/Users/fan/Desktop/summer_school/wave/wave.srcs/sources_1/ip/clk_wiz_0/clk_wiz_0.xci]
INFO: [IP_Flow 19-1686] Generating 'Instantiation Template' target for IP 'clk_wiz_0'...
INFO: [IP_Flow 19-1686] Generating 'Synthesis' target for IP 'clk_wiz_0'...
INFO: [IP_Flow 19-1686] Generating 'Simulation' target for IP 'clk_wiz_0'...
INFO: [IP_Flow 19-1686] Generating 'Implementation' target for IP 'clk_wiz_0'...
INFO: [IP_Flow 19-1686] Generating 'Change Log' target for IP 'clk_wiz_0'...
catch { config_ip_cache -export [get_ips -all clk_wiz_0] }
export_ip_user_files -of_objects [get_files c:/Users/fan/Desktop/summer_school/wave/wave.srcs/sources_1/ip/clk_wiz_0/clk_wiz_0.xci] -no_script -sync -force -quiet
reset_run clk_wiz_0_synth_1
launch_runs -jobs 4 clk_wiz_0_synth_1
[Sat Aug  1 09:03:54 2020] Launched clk_wiz_0_synth_1...
Run output will be captured here: C:/Users/fan/Desktop/summer_school/wave/wave.runs/clk_wiz_0_synth_1/runme.log
export_simulation -of_objects [get_files c:/Users/fan/Desktop/summer_school/wave/wave.srcs/sources_1/ip/clk_wiz_0/clk_wiz_0.xci] -directory C:/Users/fan/Desktop/summer_school/wave/wave.ip_user_files/sim_scripts -ip_user_files_dir C:/Users/fan/Desktop/summer_school/wave/wave.ip_user_files -ipstatic_source_dir C:/Users/fan/Desktop/summer_school/wave/wave.ip_user_files/ipstatic -lib_map_path [list {modelsim=C:/Users/fan/Desktop/summer_school/wave/wave.cache/compile_simlib/modelsim} {questa=C:/Users/fan/Desktop/summer_school/wave/wave.cache/compile_simlib/questa} {riviera=C:/Users/fan/Desktop/summer_school/wave/wave.cache/compile_simlib/riviera} {activehdl=C:/Users/fan/Desktop/summer_school/wave/wave.cache/compile_simlib/activehdl}] -use_ip_compiled_libs -force -quiet
update_compile_order -fileset sources_1
export_ip_user_files -of_objects  [get_files C:/Users/fan/Desktop/summer_school/wave/wave.srcs/sources_1/new/vga_driver.v] -no_script -reset -force -quiet
remove_files  C:/Users/fan/Desktop/summer_school/wave/wave.srcs/sources_1/new/vga_driver.v
file delete -force C:/Users/fan/Desktop/summer_school/wave/wave.srcs/sources_1/new/vga_driver.v
export_ip_user_files -of_objects  [get_files C:/Users/fan/Desktop/summer_school/wave/wave.srcs/sources_1/new/vga_display.v] -no_script -reset -force -quiet
remove_files  C:/Users/fan/Desktop/summer_school/wave/wave.srcs/sources_1/new/vga_display.v
file delete -force C:/Users/fan/Desktop/summer_school/wave/wave.srcs/sources_1/new/vga_display.v
reset_run synth_1
WARNING: [Vivado 12-1017] Problems encountered:
1. Failed to delete one or more files in run directory C:/Users/fan/Desktop/summer_school/wave/wave.runs/synth_1

launch_runs impl_1 -to_step write_bitstream -jobs 4
[Sat Aug  1 09:48:58 2020] Launched synth_1...
Run output will be captured here: C:/Users/fan/Desktop/summer_school/wave/wave.runs/synth_1/runme.log
[Sat Aug  1 09:48:59 2020] Launched impl_1...
Run output will be captured here: C:/Users/fan/Desktop/summer_school/wave/wave.runs/impl_1/runme.log
open_hw
connect_hw_server
